
2025-07-18T19:42:45.433860+0300 INFO Loading data ...
2025-07-18T19:42:45.501980+0300 INFO Loaded data with dimentions: (18524, 9)
2025-07-18T19:42:57.312580+0300 INFO Done preprocessing data
2025-07-18T19:42:57.313782+0300 INFO Loaded model successfully in model loader
2025-07-18T19:43:31.070758+0300 INFO Loading data ...
2025-07-18T19:43:31.083502+0300 INFO Loaded data with dimentions: (18524, 9)
2025-07-18T19:43:31.689337+0300 INFO Done preprocessing data
2025-07-18T19:43:31.689547+0300 WARNING model was not found, so we build it again
2025-07-18T19:43:32.162796+0300 INFO Built model with evaluation accuracy: 0.9392712550607287
2025-07-18T19:43:32.163269+0300 INFO Saved model successfully
2025-07-18T19:43:32.169932+0300 INFO Loaded model successfully in model loader
2025-07-18T19:43:43.756177+0300 DEBUG testing data: {'Time_spent_Alone': [5], 'Stage_fear': [0], 'Social_event_attendance': [1], 'Going_outside': [3], 'Drained_after_socializing': [1], 'Friends_circle_size': [2], 'Post_frequency': [1]}
2025-07-18T19:43:44.331468+0300 INFO Loaded model successfully in model inference
2025-07-18T19:43:44.332610+0300 DEBUG Predicted personality is is Introverted
2025-07-18T19:44:20.313474+0300 DEBUG testing data: {'Time_spent_Alone': [5], 'Stage_fear': [0], 'Social_event_attendance': [1], 'Going_outside': [3], 'Drained_after_socializing': [1], 'Friends_circle_size': [2], 'Post_frequency': [1]}
2025-07-18T19:44:20.882943+0300 INFO Loaded model successfully in model inference
2025-07-18T19:44:20.884017+0300 DEBUG Predicted personality is is Introverted
2025-07-18T19:44:37.382741+0300 DEBUG testing data: {'Time_spent_Alone': [5], 'Stage_fear': [0], 'Social_event_attendance': [1], 'Going_outside': [3], 'Drained_after_socializing': [1], 'Friends_circle_size': [2], 'Post_frequency': [1]}
2025-07-18T19:44:37.950955+0300 INFO Loaded model successfully in model inference
2025-07-18T19:44:37.952034+0300 DEBUG Predicted personality is is Introverted
2025-07-18T19:45:49.048938+0300 INFO Loading data ...
2025-07-18T19:45:49.061348+0300 INFO Loaded data with dimentions: (18524, 9)
2025-07-18T19:45:49.671656+0300 INFO Done preprocessing data
2025-07-18T19:45:49.671897+0300 WARNING model was not found, so we build it again
2025-07-18T19:45:49.694498+0300 INFO Built model with evaluation accuracy: 0.9384615384615385
2025-07-18T19:45:49.712782+0300 INFO Saved model successfully
2025-07-18T19:45:49.722059+0300 INFO Loaded model successfully in model loader
2025-07-18T19:46:08.029855+0300 DEBUG testing data: {'Time_spent_Alone': [5], 'Stage_fear': [0], 'Social_event_attendance': [1], 'Going_outside': [3], 'Drained_after_socializing': [1], 'Friends_circle_size': [2], 'Post_frequency': [1]}
2025-07-18T19:46:08.606191+0300 INFO Loaded model successfully in model inference
2025-07-18T19:46:08.607299+0300 DEBUG Predicted personality is is Introverted
2025-07-18T19:53:37.155894+0300 INFO Loading data ...
2025-07-18T19:53:37.168882+0300 INFO Loaded data with dimentions: (18524, 9)
2025-07-18T19:54:20.255666+0300 INFO Loading data ...
2025-07-18T19:54:20.268371+0300 INFO Loaded data with dimentions: (18524, 9)
2025-07-18T19:54:35.725909+0300 INFO Loading data ...
2025-07-18T19:54:35.739017+0300 INFO Loaded data with dimentions: (18524, 9)
2025-07-18T19:55:33.302024+0300 INFO Loading data ...
2025-07-18T19:55:33.315793+0300 INFO Loaded data with dimentions: (18524, 9)
2025-07-18T19:56:22.901464+0300 INFO Loading data ...
2025-07-18T19:56:22.914209+0300 INFO Loaded data with dimentions: (18524, 9)
2025-07-18T19:58:45.718213+0300 INFO Loading data ...
2025-07-18T19:58:45.730771+0300 INFO Loaded data with dimentions: (18524, 9)
2025-07-18T19:58:45.731720+0300 INFO Loading data ...
2025-07-18T19:58:45.741982+0300 INFO Loaded data with dimentions: (18524, 9)
2025-07-18T19:58:45.742849+0300 INFO Loading data ...
2025-07-18T19:58:45.753467+0300 INFO Loaded data with dimentions: (18524, 9)
2025-07-18T19:59:16.890963+0300 INFO Loading data ...
2025-07-18T19:59:16.904562+0300 INFO Loaded data with dimentions: (18524, 9)
2025-07-18T19:59:16.905557+0300 INFO Loading data ...
2025-07-18T19:59:16.916769+0300 INFO Loaded data with dimentions: (18524, 9)
2025-07-18T19:59:16.917725+0300 INFO Loading data ...
2025-07-18T19:59:16.928060+0300 INFO Loaded data with dimentions: (18524, 9)
2025-07-18T19:59:57.673159+0300 INFO Loading data ...
2025-07-18T19:59:57.688303+0300 INFO Loaded data with dimentions: (18524, 9)
2025-07-18T19:59:57.689261+0300 INFO Loading data ...
2025-07-18T19:59:57.700182+0300 INFO Loaded data with dimentions: (18524, 9)
2025-07-18T19:59:57.701043+0300 INFO Loading data ...
2025-07-18T19:59:57.711061+0300 INFO Loaded data with dimentions: (18524, 9)
2025-07-18T20:00:26.873604+0300 INFO Loading data ...
2025-07-18T20:00:26.886119+0300 INFO Loaded data with dimentions: (18524, 9)
2025-07-18T20:00:26.887090+0300 INFO Loading data ...
2025-07-18T20:00:26.898043+0300 INFO Loaded data with dimentions: (18524, 9)
2025-07-18T20:02:00.094862+0300 INFO Loading data ...
2025-07-18T20:02:00.108142+0300 INFO Loaded data with dimentions: (18524, 9)
